"D:\Master\AAA - VIP - FOREST FLAME\Tools\Python311\python.exe" D:\Master\ForestFlameAlert\Project\traning_script\xgb_tune.py 
2026-03-05 10:34:32,027 | INFO | Loading parquet data...
2026-03-05 10:34:55,585 | INFO | Base scale_pos_weight: 697.68
2026-03-05 10:35:14,055 | INFO | Starting Optuna study...
[I 2026-03-05 10:35:14,055] A new study created in memory with name: no-name-62ce5ff2-df28-4894-bf18-5ee8f0b997f2
[I 2026-03-05 10:36:11,341] Trial 0 finished with value: 0.01758041009892395 and parameters: {'max_depth': 8, 'min_child_weight': 15, 'learning_rate': 0.06257960621774133, 'subsample': 0.8095304694689628, 'colsample_bytree': 0.6546065241548528, 'gamma': 0.7799726016810132, 'reg_lambda': 1.0517943155978948, 'reg_alpha': 4.330880728874676, 'scale_pos_weight': 767.8389640402678}. Best is trial 0 with value: 0.01758041009892395.
[I 2026-03-05 10:36:59,009] Trial 1 finished with value: 0.01681777874826857 and parameters: {'max_depth': 10, 'min_child_weight': 2, 'learning_rate': 0.07804414039052963, 'subsample': 0.8913549242801475, 'colsample_bytree': 0.6743186887373966, 'gamma': 0.9091248360355031, 'reg_lambda': 2.2423428436076214, 'reg_alpha': 1.5212112147976886, 'scale_pos_weight': 741.2019674566318}. Best is trial 0 with value: 0.01758041009892395.
[I 2026-03-05 10:38:15,149] Trial 2 finished with value: 0.01785105155337725 and parameters: {'max_depth': 8, 'min_child_weight': 6, 'learning_rate': 0.05477043815695467, 'subsample': 0.6488228512282146, 'colsample_bytree': 0.7022506269873263, 'gamma': 1.8318092164684585, 'reg_lambda': 4.832664850061842, 'reg_alpha': 3.925879806965068, 'scale_pos_weight': 627.7998401403474}. Best is trial 2 with value: 0.01785105155337725.
[I 2026-03-05 10:39:57,595] Trial 3 finished with value: 0.01769958158802419 and parameters: {'max_depth': 9, 'min_child_weight': 10, 'learning_rate': 0.01801927682679985, 'subsample': 0.8126406981655034, 'colsample_bytree': 0.6596834432905521, 'gamma': 0.3252579649263976, 'reg_lambda': 9.514412603906665, 'reg_alpha': 4.828160165372797, 'scale_pos_weight': 840.1475229186317}. Best is trial 2 with value: 0.01785105155337725.
[I 2026-03-05 10:40:52,283] Trial 4 finished with value: 0.01792719682228896 and parameters: {'max_depth': 7, 'min_child_weight': 3, 'learning_rate': 0.0594751467232902, 'subsample': 0.7540533728088604, 'colsample_bytree': 0.6427133821956725, 'gamma': 2.475884550556351, 'reg_lambda': 0.8266909505945748, 'reg_alpha': 4.546602010393911, 'scale_pos_weight': 648.4185005490541}. Best is trial 4 with value: 0.01792719682228896.
[I 2026-03-05 10:41:34,887] Trial 5 pruned. Trial was pruned at iteration 150.
[I 2026-03-05 10:43:10,398] Trial 6 pruned. Trial was pruned at iteration 150.
[I 2026-03-05 10:56:02,216] Trial 7 finished with value: 0.017973924568352 and parameters: {'max_depth': 8, 'min_child_weight': 5, 'learning_rate': 0.05027524540528615, 'subsample': 0.6493234787411669, 'colsample_bytree': 0.8807689432639139, 'gamma': 0.3727532183988541, 'reg_lambda': 9.875425897704915, 'reg_alpha': 3.861223846483287, 'scale_pos_weight': 627.4656154465912}. Best is trial 7 with value: 0.017973924568352.
[I 2026-03-05 11:09:48,060] Trial 8 finished with value: 0.01824956272299789 and parameters: {'max_depth': 6, 'min_child_weight': 13, 'learning_rate': 0.06094572735009511, 'subsample': 0.8551525088143455, 'colsample_bytree': 0.869944621340081, 'gamma': 0.3702232586704518, 'reg_lambda': 3.90542442117059, 'reg_alpha': 0.5793452976256486, 'scale_pos_weight': 859.2312408748378}. Best is trial 8 with value: 0.01824956272299789.
[I 2026-03-05 11:18:39,744] Trial 9 pruned. Trial was pruned at iteration 150.
[I 2026-03-05 11:19:14,458] Trial 10 pruned. Trial was pruned at iteration 164.
[I 2026-03-05 11:21:13,737] Trial 11 finished with value: 0.01831259311498124 and parameters: {'max_depth': 6, 'min_child_weight': 12, 'learning_rate': 0.07153626887779553, 'subsample': 0.6085101794827152, 'colsample_bytree': 0.8755355305450723, 'gamma': 0.10341117636531899, 'reg_lambda': 6.715095299912239, 'reg_alpha': 3.035921370166128, 'scale_pos_weight': 566.789374568303}. Best is trial 11 with value: 0.01831259311498124.
[I 2026-03-05 11:22:14,714] Trial 12 finished with value: 0.01819101395582392 and parameters: {'max_depth': 6, 'min_child_weight': 12, 'learning_rate': 0.07413973326435509, 'subsample': 0.6044437277939803, 'colsample_bytree': 0.8249393815461528, 'gamma': 1.3724248664124048, 'reg_lambda': 6.462607979931523, 'reg_alpha': 2.986719780027789, 'scale_pos_weight': 560.1806112484848}. Best is trial 11 with value: 0.01831259311498124.
[I 2026-03-05 11:24:20,639] Trial 13 finished with value: 0.01812200323445128 and parameters: {'max_depth': 6, 'min_child_weight': 13, 'learning_rate': 0.06935805359757911, 'subsample': 0.8558189558061956, 'colsample_bytree': 0.8157457795607022, 'gamma': 0.12774747405271736, 'reg_lambda': 6.206928462422471, 'reg_alpha': 2.4854269680542624, 'scale_pos_weight': 797.2775076506148}. Best is trial 11 with value: 0.01831259311498124.
[I 2026-03-05 11:25:29,065] Trial 14 pruned. Trial was pruned at iteration 150.
[I 2026-03-05 11:35:01,492] Trial 15 pruned. Trial was pruned at iteration 150.
[I 2026-03-05 11:37:08,950] Trial 16 pruned. Trial was pruned at iteration 150.
[I 2026-03-05 11:58:38,022] Trial 17 finished with value: 0.01815609146158065 and parameters: {'max_depth': 6, 'min_child_weight': 13, 'learning_rate': 0.07014081883345423, 'subsample': 0.8410839329677455, 'colsample_bytree': 0.9244841596515851, 'gamma': 2.180499167861401, 'reg_lambda': 8.232940202989399, 'reg_alpha': 3.225832036663136, 'scale_pos_weight': 693.7174801447776}. Best is trial 11 with value: 0.01831259311498124.
[I 2026-03-05 12:07:21,260] Trial 18 pruned. Trial was pruned at iteration 157.
[I 2026-03-05 12:07:52,639] Trial 19 pruned. Trial was pruned at iteration 150.
[I 2026-03-05 12:09:06,158] Trial 20 pruned. Trial was pruned at iteration 150.
[I 2026-03-05 12:09:53,282] Trial 21 pruned. Trial was pruned at iteration 230.
[I 2026-03-05 12:14:24,923] Trial 22 finished with value: 0.01814179377308832 and parameters: {'max_depth': 6, 'min_child_weight': 13, 'learning_rate': 0.07513906570137643, 'subsample': 0.615764118104526, 'colsample_bytree': 0.7891148355136012, 'gamma': 1.306523492432033, 'reg_lambda': 7.155913224362619, 'reg_alpha': 2.4324073440201013, 'scale_pos_weight': 582.7886645421086}. Best is trial 11 with value: 0.01831259311498124.
[I 2026-03-05 12:17:00,876] Trial 23 pruned. Trial was pruned at iteration 154.
[I 2026-03-05 12:21:51,990] Trial 24 finished with value: 0.01863987978792581 and parameters: {'max_depth': 6, 'min_child_weight': 14, 'learning_rate': 0.05492840731823069, 'subsample': 0.7380574174836383, 'colsample_bytree': 0.845377362927354, 'gamma': 1.1268230706741285, 'reg_lambda': 8.89203532155487, 'reg_alpha': 3.770634003396035, 'scale_pos_weight': 672.4936647367721}. Best is trial 24 with value: 0.01863987978792581.
[I 2026-03-05 12:24:20,287] Trial 25 pruned. Trial was pruned at iteration 150.
[I 2026-03-05 12:26:17,263] Trial 26 pruned. Trial was pruned at iteration 155.
[I 2026-03-05 12:38:03,654] Trial 27 pruned. Trial was pruned at iteration 150.
[I 2026-03-05 12:47:13,893] Trial 28 pruned. Trial was pruned at iteration 155.
[I 2026-03-05 12:49:13,476] Trial 29 finished with value: 0.01852284638242066 and parameters: {'max_depth': 7, 'min_child_weight': 15, 'learning_rate': 0.02719713539225226, 'subsample': 0.6796576333523413, 'colsample_bytree': 0.9171935199490449, 'gamma': 0.7325855105989929, 'reg_lambda': 5.770453156773981, 'reg_alpha': 4.199192280908067, 'scale_pos_weight': 657.326911516748}. Best is trial 24 with value: 0.01863987978792581.
[I 2026-03-05 12:50:52,359] Trial 30 pruned. Trial was pruned at iteration 428.
[I 2026-03-05 12:52:06,136] Trial 31 pruned. Trial was pruned at iteration 153.
[I 2026-03-05 12:58:27,495] Trial 32 pruned. Trial was pruned at iteration 150.
[I 2026-03-05 13:17:34,945] Trial 33 finished with value: 0.01825098190481225 and parameters: {'max_depth': 7, 'min_child_weight': 15, 'learning_rate': 0.05261436884004608, 'subsample': 0.6541062937793033, 'colsample_bytree': 0.8708945932815614, 'gamma': 0.3405636663292158, 'reg_lambda': 2.9358488960639777, 'reg_alpha': 4.988102624400082, 'scale_pos_weight': 752.2072104873128}. Best is trial 24 with value: 0.01863987978792581.
[I 2026-03-05 13:26:28,208] Trial 34 pruned. Trial was pruned at iteration 162.
[I 2026-03-05 13:36:05,429] Trial 35 pruned. Trial was pruned at iteration 150.
[I 2026-03-05 13:53:16,300] Trial 36 finished with value: 0.01833253378544666 and parameters: {'max_depth': 7, 'min_child_weight': 15, 'learning_rate': 0.04332162382818655, 'subsample': 0.672396873042361, 'colsample_bytree': 0.8975919550403808, 'gamma': 0.28610526778938894, 'reg_lambda': 7.528239206252566, 'reg_alpha': 4.549443962572561, 'scale_pos_weight': 740.4852215300996}. Best is trial 24 with value: 0.01863987978792581.
[I 2026-03-05 14:15:32,377] Trial 37 finished with value: 0.01827067286371696 and parameters: {'max_depth': 8, 'min_child_weight': 12, 'learning_rate': 0.024079658554564957, 'subsample': 0.68161122412455, 'colsample_bytree': 0.9057349929783816, 'gamma': 0.25144011433854, 'reg_lambda': 7.609479338635496, 'reg_alpha': 3.928200554993544, 'scale_pos_weight': 626.2793214603453}. Best is trial 24 with value: 0.01863987978792581.
[I 2026-03-05 14:35:20,153] Trial 38 finished with value: 0.01859305491575841 and parameters: {'max_depth': 7, 'min_child_weight': 14, 'learning_rate': 0.03824931804580505, 'subsample': 0.6999459737403622, 'colsample_bytree': 0.9463201962905142, 'gamma': 0.7964827256916993, 'reg_lambda': 9.630914041525365, 'reg_alpha': 4.381912825568867, 'scale_pos_weight': 647.8258253982245}. Best is trial 24 with value: 0.01863987978792581.
[I 2026-03-05 14:50:58,124] Trial 39 pruned. Trial was pruned at iteration 275.
2026-03-05 14:50:58,836 | INFO | ====================================
2026-03-05 14:50:58,837 | INFO | Best AUC-PR: 0.018640
2026-03-05 14:50:58,837 | INFO | Best Params: {'max_depth': 6, 'min_child_weight': 14, 'learning_rate': 0.05492840731823069, 'subsample': 0.7380574174836383, 'colsample_bytree': 0.845377362927354, 'gamma': 1.1268230706741285, 'reg_lambda': 8.89203532155487, 'reg_alpha': 3.770634003396035, 'scale_pos_weight': 672.4936647367721}
2026-03-05 14:50:58,837 | INFO | ====================================

Process finished with exit code 0
