[I 2026-03-31 00:14:21,322] Trial 15 pruned. Trial was pruned at iteration 150.
[I 2026-03-31 00:24:18,351] Trial 16 pruned. Trial was pruned at iteration 150.
[I 2026-03-31 00:25:04,279] Trial 17 pruned. Trial was pruned at iteration 150.
[I 2026-03-31 00:25:59,219] Trial 18 pruned. Trial was pruned at iteration 150.
[I 2026-03-31 00:29:44,528] Trial 19 pruned. Trial was pruned at iteration 150.
[I 2026-03-31 00:38:29,434] Trial 20 pruned. Trial was pruned at iteration 150.
[I 2026-03-31 00:48:27,524] Trial 21 finished with value: 0.01635914556372182 and parameters: {'max_depth': 7, 'min_child_weight': 2, 'learning_rate': 0.05647960590172366, 'subsample': 0.7493678568695524, 'colsample_bytree': 0.6347536350843663, 'gamma': 3.5936976664612414, 'reg_lambda': 2.4274712946377957, 'reg_alpha': 4.282024248846114, 'scale_pos_weight': 705.0157049479873}. Best is trial 7 with value: 0.01651719373629185.
[I 2026-03-31 00:58:54,504] Trial 22 finished with value: 0.01648958802486694 and parameters: {'max_depth': 7, 'min_child_weight': 3, 'learning_rate': 0.059640077066115356, 'subsample': 0.8449990071962079, 'colsample_bytree': 0.6982895424021949, 'gamma': 4.425211803925006, 'reg_lambda': 5.653710906646679, 'reg_alpha': 4.584210507715884, 'scale_pos_weight': 700.228060066007}. Best is trial 7 with value: 0.01651719373629185.
[I 2026-03-31 01:04:05,486] Trial 23 pruned. Trial was pruned at iteration 150.
[I 2026-03-31 01:09:59,288] Trial 24 pruned. Trial was pruned at iteration 150.
[I 2026-03-31 01:14:40,444] Trial 25 pruned. Trial was pruned at iteration 150.
[I 2026-03-31 01:22:02,123] Trial 26 pruned. Trial was pruned at iteration 150.
[I 2026-03-31 01:22:59,875] Trial 27 pruned. Trial was pruned at iteration 150.
[I 2026-03-31 01:23:55,200] Trial 28 pruned. Trial was pruned at iteration 150.
[I 2026-03-31 01:27:40,576] Trial 29 pruned. Trial was pruned at iteration 150.
[I 2026-03-31 01:34:57,135] Trial 30 pruned. Trial was pruned at iteration 150.
[I 2026-03-31 01:40:30,560] Trial 31 pruned. Trial was pruned at iteration 150.
[I 2026-03-31 01:45:33,390] Trial 32 pruned. Trial was pruned at iteration 150.
[I 2026-03-31 01:51:00,473] Trial 33 pruned. Trial was pruned at iteration 150.
[I 2026-03-31 02:00:57,279] Trial 34 finished with value: 0.01671072666014994 and parameters: {'max_depth': 8, 'min_child_weight': 2, 'learning_rate': 0.05741824143332552, 'subsample': 0.7705102323506257, 'colsample_bytree': 0.6733292800810863, 'gamma': 4.661230074006847, 'reg_lambda': 4.471351286348217, 'reg_alpha': 4.631961421397106, 'scale_pos_weight': 638.4840070541702}. Best is trial 34 with value: 0.01671072666014994.
[I 2026-03-31 02:06:55,946] Trial 35 pruned. Trial was pruned at iteration 150.
[I 2026-03-31 02:13:39,884] Trial 36 pruned. Trial was pruned at iteration 150.
[I 2026-03-31 02:14:37,814] Trial 37 pruned. Trial was pruned at iteration 150.
[I 2026-03-31 02:15:42,327] Trial 38 pruned. Trial was pruned at iteration 150.
[I 2026-03-31 02:21:34,507] Trial 39 pruned. Trial was pruned at iteration 150.
2026-03-31 02:21:34,616 | INFO | ====================================
2026-03-31 02:21:34,617 | INFO | Best AUC-PR : 0.016711
2026-03-31 02:21:34,617 | INFO | Best Params : {'max_depth': 8, 'min_child_weight': 2, 'learning_rate': 0.05741824143332552, 'subsample': 0.7705102323506257, 'colsample_bytree': 0.6733292800810863, 'gamma': 4.661230074006847, 'reg_lambda': 4.471351286348217, 'reg_alpha': 4.631961421397106, 'scale_pos_weight': 638.4840070541702}
2026-03-31 02:21:34,617 | INFO | ====================================

2026-03-31 08:18:20,939 | INFO | Loading data...
2026-03-31 08:18:20,939 | INFO | Loading train set...
2026-03-31 08:18:48,887 | INFO | Train size: 48079271  |  fire rate: 0.001219
2026-03-31 08:18:49,183 | INFO | Human-fire samples upweighted: 52816  (x3.0)
2026-03-31 08:18:49,184 | INFO | Creating dtrain QuantileDMatrix...
2026-03-31 08:19:20,102 | INFO | Loading val set...
2026-03-31 08:19:25,153 | INFO | Val size: 6863095
2026-03-31 08:19:25,153 | INFO | Creating dval QuantileDMatrix...
2026-03-31 08:19:27,278 | INFO | Loading test set...
2026-03-31 08:19:33,713 | INFO | Test size: 13744993
2026-03-31 08:19:33,713 | INFO | Creating dtest QuantileDMatrix...
2026-03-31 08:19:38,048 | INFO | Training final tuned model...
[0]	train-aucpr:0.04773	val-aucpr:0.01059
[100]	train-aucpr:0.09959	val-aucpr:0.01651
[200]	train-aucpr:0.11016	val-aucpr:0.01773
[300]	train-aucpr:0.11601	val-aucpr:0.01823
[400]	train-aucpr:0.12149	val-aucpr:0.01841
[500]	train-aucpr:0.12805	val-aucpr:0.01862
[600]	train-aucpr:0.13396	val-aucpr:0.01871
[700]	train-aucpr:0.14058	val-aucpr:0.01883
[800]	train-aucpr:0.14718	val-aucpr:0.01892
[900]	train-aucpr:0.15396	val-aucpr:0.01895
[955]	train-aucpr:0.15806	val-aucpr:0.01879
2026-03-31 12:33:10,126 | INFO | Evaluating...
 2026-03-31 12:33:57,456 | INFO | ===================================
2026-03-31 12:33:57,457 | INFO | Best iteration: 855
2026-03-31 12:33:57,457 | INFO | Validation AUC-PR: 0.018850
2026-03-31 12:33:57,457 | INFO | Test AUC-PR: 0.016679
2026-03-31 12:33:57,457 | INFO | Validation ROC-AUC: 0.918224
2026-03-31 12:33:57,457 | INFO | Test ROC-AUC: 0.905348
2026-03-31 12:33:57,457 | INFO | ===================================
2026-03-31 12:33:57,799 | INFO | Model saved to models/xgb_human_features_tuned_v2.json